TN:
SF:src\services\store.ts
FN:33,useDispatch
FNF:1
FNH:0
FNDA:0,useDispatch
DA:1,1
DA:2,1
DA:3,1
DA:4,1
DA:5,1
DA:6,1
DA:7,1
DA:8,1
DA:9,1
DA:10,1
DA:11,1
DA:12,1
DA:13,1
DA:14,1
DA:15,1
DA:16,1
DA:17,1
DA:18,1
DA:19,1
DA:20,1
DA:21,1
DA:22,1
DA:23,1
DA:24,1
DA:25,1
DA:26,1
DA:27,1
DA:28,1
DA:29,1
DA:30,1
DA:31,1
DA:32,1
DA:33,1
DA:34,1
DA:35,1
DA:36,1
LF:36
LH:36
BRF:0
BRH:0
end_of_record
TN:
SF:src\services\slices\burgerConstructor.tsx
FN:25,reducer
FN:32,prepare
FN:37,removeIngredient
FN:42,moveIngredient
FN:48,removeIngedientsInOrder
FN:54,selectBurgerIngredients
FNF:6
FNH:6
FNDA:9,reducer
FNDA:9,prepare
FNDA:1,removeIngredient
FNDA:1,moveIngredient
FNDA:8,removeIngedientsInOrder
FNDA:1,selectBurgerIngredients
DA:1,1
DA:2,1
DA:3,1
DA:4,1
DA:5,1
DA:6,1
DA:7,1
DA:8,1
DA:9,1
DA:10,1
DA:11,1
DA:12,1
DA:13,1
DA:14,1
DA:15,1
DA:16,1
DA:17,1
DA:18,1
DA:19,1
DA:20,1
DA:21,1
DA:22,1
DA:23,1
DA:24,1
DA:25,1
DA:26,9
DA:27,1
DA:28,9
DA:29,8
DA:30,8
DA:31,1
DA:32,1
DA:33,9
DA:34,9
DA:35,9
DA:36,1
DA:37,1
DA:38,1
DA:39,1
DA:40,1
DA:41,1
DA:42,1
DA:43,1
DA:44,1
DA:45,1
DA:46,1
DA:47,1
DA:48,1
DA:49,8
DA:50,8
DA:51,8
DA:52,1
DA:53,1
DA:54,1
DA:55,1
DA:56,1
DA:57,1
DA:58,1
DA:59,1
DA:60,1
DA:61,1
LF:61
LH:61
BRDA:25,0,0,9
BRDA:26,1,0,1
BRDA:28,2,0,8
BRDA:32,3,0,9
BRDA:37,4,0,1
BRDA:39,5,0,1
BRDA:42,6,0,1
BRDA:48,7,0,8
BRDA:54,8,0,1
BRF:9
BRH:9
end_of_record
TN:
SF:src\services\slices\feeds.tsx
FN:43,resetFeeds
FN:54,extraReducers
FN:82,selectOrders
FN:83,selectFeedsLoadingStatus
FN:84,selectTotal
FN:85,selectTotalToday
FN:86,selectFeedsError
FN:87,selectOrderError
FN:88,selectOrder
FN:89,selectOrderLoadingStatus
FNF:10
FNH:10
FNDA:10,resetFeeds
FNDA:6,extraReducers
FNDA:1,selectOrders
FNDA:1,selectFeedsLoadingStatus
FNDA:1,selectTotal
FNDA:1,selectTotalToday
FNDA:1,selectFeedsError
FNDA:1,selectOrderError
FNDA:1,selectOrder
FNDA:1,selectOrderLoadingStatus
DA:1,1
DA:2,1
DA:3,1
DA:4,1
DA:5,1
DA:6,1
DA:7,1
DA:8,1
DA:9,1
DA:10,1
DA:11,1
DA:12,1
DA:13,1
DA:14,1
DA:15,1
DA:16,1
DA:17,1
DA:18,1
DA:19,1
DA:20,1
DA:21,1
DA:22,1
DA:23,1
DA:24,1
DA:25,1
DA:26,1
DA:27,1
DA:28,1
DA:29,1
DA:30,1
DA:31,1
DA:32,1
DA:33,1
DA:34,1
DA:35,1
DA:36,1
DA:37,1
DA:38,1
DA:39,1
DA:40,1
DA:41,1
DA:42,1
DA:43,1
DA:44,10
DA:45,10
DA:46,10
DA:47,10
DA:48,10
DA:49,10
DA:50,10
DA:51,10
DA:52,10
DA:53,1
DA:54,1
DA:55,6
DA:56,6
DA:57,4
DA:58,6
DA:59,6
DA:60,2
DA:61,2
DA:62,2
DA:63,2
DA:64,6
DA:65,6
DA:66,1
DA:67,1
DA:68,6
DA:69,6
DA:70,4
DA:71,6
DA:72,6
DA:73,2
DA:74,2
DA:75,6
DA:76,6
DA:77,1
DA:78,1
DA:79,6
DA:80,1
DA:81,1
DA:82,1
DA:83,1
DA:84,1
DA:85,1
DA:86,1
DA:87,1
DA:88,1
DA:89,1
DA:90,1
DA:91,1
DA:92,1
DA:93,1
DA:94,1
DA:95,1
DA:96,1
LF:96
LH:96
BRDA:9,0,0,3
BRDA:9,1,0,3
BRDA:9,2,0,6
BRDA:9,3,0,3
BRDA:9,4,0,3
BRDA:14,5,0,3
BRDA:14,6,0,3
BRDA:14,7,0,6
BRDA:14,8,0,3
BRDA:14,9,0,3
BRDA:43,10,0,10
BRDA:54,11,0,6
BRDA:56,12,0,4
BRDA:59,13,0,2
BRDA:65,14,0,1
BRDA:69,15,0,4
BRDA:72,16,0,2
BRDA:76,17,0,1
BRDA:82,18,0,1
BRDA:83,19,0,1
BRDA:84,20,0,1
BRDA:85,21,0,1
BRDA:86,22,0,1
BRDA:87,23,0,1
BRDA:88,24,0,1
BRDA:89,25,0,1
BRF:26
BRH:26
end_of_record
TN:
SF:src\services\slices\ingredients.tsx
FN:28,resetIngredients
FN:34,extraReducers
FN:49,selectIngredients
FN:50,selectLoading
FNF:4
FNH:4
FNDA:7,resetIngredients
FNDA:6,extraReducers
FNDA:1,selectIngredients
FNDA:1,selectLoading
DA:1,1
DA:2,1
DA:3,1
DA:4,1
DA:5,1
DA:6,1
DA:7,1
DA:8,1
DA:9,1
DA:10,1
DA:11,1
DA:12,1
DA:13,1
DA:14,1
DA:15,1
DA:16,1
DA:17,1
DA:18,1
DA:19,1
DA:20,1
DA:21,1
DA:22,1
DA:23,1
DA:24,1
DA:25,1
DA:26,1
DA:27,1
DA:28,1
DA:29,7
DA:30,7
DA:31,7
DA:32,7
DA:33,1
DA:34,1
DA:35,6
DA:36,6
DA:37,4
DA:38,6
DA:39,6
DA:40,3
DA:41,3
DA:42,6
DA:43,6
DA:44,1
DA:45,1
DA:46,6
DA:47,1
DA:48,1
DA:49,1
DA:50,1
DA:51,1
DA:52,1
DA:53,1
DA:54,1
DA:55,1
DA:56,1
DA:57,1
LF:57
LH:57
BRDA:9,0,0,3
BRDA:9,1,0,3
BRDA:9,2,0,6
BRDA:9,3,0,3
BRDA:9,4,0,3
BRDA:28,5,0,7
BRDA:34,6,0,6
BRDA:36,7,0,4
BRDA:39,8,0,3
BRDA:43,9,0,1
BRDA:49,10,0,1
BRDA:50,11,0,1
BRF:12
BRH:12
end_of_record
TN:
SF:src\services\slices\order.tsx
FN:28,resetOrder
FN:35,selectOrderLoadingStatus
FN:36,selectOrderErrorStatus
FN:37,selectOrder
FN:39,extraReducers
FNF:5
FNH:5
FNDA:7,resetOrder
FNDA:1,selectOrderLoadingStatus
FNDA:1,selectOrderErrorStatus
FNDA:1,selectOrder
FNDA:6,extraReducers
DA:1,1
DA:2,1
DA:3,1
DA:4,1
DA:5,1
DA:6,1
DA:7,1
DA:8,1
DA:9,1
DA:10,1
DA:11,1
DA:12,1
DA:13,1
DA:14,1
DA:15,1
DA:16,1
DA:17,1
DA:18,1
DA:19,1
DA:20,1
DA:21,1
DA:22,1
DA:23,1
DA:24,1
DA:25,1
DA:26,1
DA:27,1
DA:28,1
DA:29,7
DA:30,7
DA:31,7
DA:32,7
DA:33,1
DA:34,1
DA:35,1
DA:36,1
DA:37,1
DA:38,1
DA:39,1
DA:40,6
DA:41,6
DA:42,3
DA:43,3
DA:44,6
DA:45,6
DA:46,2
DA:47,2
DA:48,6
DA:49,6
DA:50,1
DA:51,1
DA:52,6
DA:53,6
DA:54,1
DA:55,1
DA:56,1
DA:57,1
DA:58,1
DA:59,1
LF:59
LH:59
BRDA:9,0,0,2
BRDA:9,1,0,2
BRDA:9,2,0,4
BRDA:9,3,0,2
BRDA:9,4,0,2
BRDA:9,5,0,2
BRDA:28,6,0,7
BRDA:35,7,0,1
BRDA:36,8,0,1
BRDA:37,9,0,1
BRDA:39,10,0,6
BRDA:41,11,0,3
BRDA:45,12,0,2
BRDA:49,13,0,1
BRF:14
BRH:14
end_of_record
TN:
SF:src\services\slices\sliceNames.tsx
FNF:0
FNH:0
DA:1,1
DA:2,1
DA:3,1
DA:4,1
DA:5,1
DA:6,1
LF:6
LH:6
BRF:0
BRH:0
end_of_record
TN:
SF:src\services\slices\user.tsx
FN:95,userLogout
FN:99,extraReducers
FN:176,selectUser
FN:177,selectIsAuthenticated
FN:178,selectLoginUserRequest
FN:179,selectError
FNF:6
FNH:5
FNDA:0,userLogout
FNDA:6,extraReducers
FNDA:1,selectUser
FNDA:1,selectIsAuthenticated
FNDA:1,selectLoginUserRequest
FNDA:2,selectError
DA:1,1
DA:2,1
DA:3,1
DA:4,1
DA:5,1
DA:6,1
DA:7,1
DA:8,1
DA:9,1
DA:10,1
DA:11,1
DA:12,1
DA:13,1
DA:14,1
DA:15,1
DA:16,1
DA:17,1
DA:18,1
DA:19,1
DA:20,1
DA:21,0
DA:22,0
DA:23,0
DA:24,0
DA:25,0
DA:26,1
DA:27,1
DA:28,1
DA:29,1
DA:30,1
DA:31,0
DA:32,0
DA:33,0
DA:34,0
DA:35,0
DA:36,1
DA:37,1
DA:38,1
DA:39,1
DA:40,1
DA:41,0
DA:42,1
DA:43,1
DA:44,1
DA:45,1
DA:46,1
DA:47,0
DA:48,1
DA:49,1
DA:50,1
DA:51,1
DA:52,1
DA:53,1
DA:54,1
DA:55,1
DA:56,1
DA:57,1
DA:58,1
DA:59,1
DA:60,1
DA:61,1
DA:62,1
DA:63,0
DA:64,0
DA:65,0
DA:66,0
DA:67,0
DA:68,0
DA:69,0
DA:70,0
DA:71,0
DA:72,1
DA:73,1
DA:74,1
DA:75,1
DA:76,1
DA:77,1
DA:78,1
DA:79,1
DA:80,1
DA:81,1
DA:82,1
DA:83,1
DA:84,1
DA:85,1
DA:86,1
DA:87,1
DA:88,1
DA:89,1
DA:90,1
DA:91,1
DA:92,1
DA:93,1
DA:94,1
DA:95,1
DA:96,0
DA:97,0
DA:98,1
DA:99,1
DA:100,6
DA:101,6
DA:102,1
DA:103,1
DA:104,6
DA:105,6
DA:106,1
DA:107,1
DA:108,1
DA:109,1
DA:110,6
DA:111,6
DA:112,1
DA:113,1
DA:114,6
DA:115,6
DA:116,1
DA:117,1
DA:118,6
DA:119,6
DA:120,1
DA:121,1
DA:122,1
DA:123,1
DA:124,6
DA:125,6
DA:126,1
DA:127,1
DA:128,6
DA:129,6
DA:130,1
DA:131,6
DA:132,6
DA:133,1
DA:134,1
DA:135,6
DA:136,6
DA:137,1
DA:138,6
DA:139,6
DA:140,1
DA:141,1
DA:142,1
DA:143,1
DA:144,6
DA:145,6
DA:146,1
DA:147,1
DA:148,6
DA:149,6
DA:150,1
DA:151,6
DA:152,6
DA:153,1
DA:154,1
DA:155,1
DA:156,1
DA:157,6
DA:158,6
DA:159,1
DA:160,1
DA:161,6
DA:162,6
DA:163,0
DA:164,6
DA:165,6
DA:166,0
DA:167,6
DA:168,6
DA:169,0
DA:170,6
DA:171,6
DA:172,0
DA:173,6
DA:174,1
DA:175,1
DA:176,1
DA:177,1
DA:178,1
DA:179,1
DA:180,1
DA:181,1
DA:182,1
DA:183,1
DA:184,1
DA:185,1
DA:186,1
LF:186
LH:159
BRDA:99,0,0,6
BRDA:101,1,0,1
BRDA:105,2,0,1
BRDA:111,3,0,1
BRDA:115,4,0,1
BRDA:119,5,0,1
BRDA:125,6,0,1
BRDA:129,7,0,1
BRDA:132,8,0,1
BRDA:136,9,0,1
BRDA:139,10,0,1
BRDA:145,11,0,1
BRDA:149,12,0,1
BRDA:152,13,0,1
BRDA:158,14,0,1
BRDA:176,15,0,1
BRDA:177,16,0,1
BRDA:178,17,0,1
BRDA:179,18,0,2
BRF:19
BRH:19
end_of_record
TN:
SF:src\services\slices\userOrders.tsx
FN:28,resetOrders
FN:34,extraReducers
FN:50,selectOrdersLoadingStatus
FN:51,selectOrdersErrorStatus
FN:52,selectOrders
FNF:5
FNH:5
FNDA:7,resetOrders
FNDA:6,extraReducers
FNDA:1,selectOrdersLoadingStatus
FNDA:1,selectOrdersErrorStatus
FNDA:1,selectOrders
DA:1,1
DA:2,1
DA:3,1
DA:4,1
DA:5,1
DA:6,1
DA:7,1
DA:8,1
DA:9,1
DA:10,1
DA:11,1
DA:12,1
DA:13,1
DA:14,1
DA:15,1
DA:16,1
DA:17,1
DA:18,1
DA:19,1
DA:20,1
DA:21,1
DA:22,1
DA:23,1
DA:24,1
DA:25,1
DA:26,1
DA:27,1
DA:28,1
DA:29,7
DA:30,7
DA:31,7
DA:32,7
DA:33,1
DA:34,1
DA:35,6
DA:36,6
DA:37,5
DA:38,5
DA:39,6
DA:40,6
DA:41,3
DA:42,3
DA:43,6
DA:44,6
DA:45,1
DA:46,1
DA:47,6
DA:48,1
DA:49,1
DA:50,1
DA:51,1
DA:52,1
DA:53,1
DA:54,1
DA:55,1
DA:56,1
DA:57,1
DA:58,1
DA:59,1
LF:59
LH:59
BRDA:9,0,0,4
BRDA:9,1,0,4
BRDA:9,2,0,8
BRDA:9,3,0,4
BRDA:9,4,0,4
BRDA:28,5,0,7
BRDA:34,6,0,6
BRDA:36,7,0,5
BRDA:40,8,0,3
BRDA:44,9,0,1
BRDA:50,10,0,1
BRDA:51,11,0,1
BRDA:52,12,0,1
BRF:13
BRH:13
end_of_record
TN:
SF:src\utils\burger-api.ts
FN:6,checkResponse
FN:18,refreshToken
FN:38,fetchWithRefresh
FN:74,getIngredientsApi
FN:82,getFeedsApi
FN:90,getOrdersApi
FN:107,orderBurgerApi
FN:126,getOrderByNumberApi
FN:146,registerUserApi
FN:165,loginUserApi
FN:179,forgotPasswordApi
FN:193,resetPasswordApi
FN:209,getUserApi
FN:216,updateUserApi
FN:226,logoutApi
FNF:15
FNH:0
FNDA:0,checkResponse
FNDA:0,refreshToken
FNDA:0,fetchWithRefresh
FNDA:0,getIngredientsApi
FNDA:0,getFeedsApi
FNDA:0,getOrdersApi
FNDA:0,orderBurgerApi
FNDA:0,getOrderByNumberApi
FNDA:0,registerUserApi
FNDA:0,loginUserApi
FNDA:0,forgotPasswordApi
FNDA:0,resetPasswordApi
FNDA:0,getUserApi
FNDA:0,updateUserApi
FNDA:0,logoutApi
DA:1,1
DA:2,1
DA:3,1
DA:4,1
DA:5,1
DA:6,1
DA:7,0
DA:8,1
DA:9,1
DA:10,1
DA:11,1
DA:12,1
DA:13,1
DA:14,1
DA:15,1
DA:16,1
DA:17,1
DA:18,1
DA:19,0
DA:20,0
DA:21,0
DA:22,0
DA:23,0
DA:24,0
DA:25,0
DA:26,0
DA:27,0
DA:28,0
DA:29,0
DA:30,0
DA:31,0
DA:32,0
DA:33,0
DA:34,0
DA:35,0
DA:36,0
DA:37,1
DA:38,1
DA:39,0
DA:40,0
DA:41,0
DA:42,0
DA:43,0
DA:44,0
DA:45,0
DA:46,0
DA:47,0
DA:48,0
DA:49,0
DA:50,0
DA:51,0
DA:52,0
DA:53,0
DA:54,0
DA:55,0
DA:56,0
DA:57,0
DA:58,0
DA:59,1
DA:60,1
DA:61,1
DA:62,1
DA:63,1
DA:64,1
DA:65,1
DA:66,1
DA:67,1
DA:68,1
DA:69,1
DA:70,1
DA:71,1
DA:72,1
DA:73,1
DA:74,1
DA:75,0
DA:76,0
DA:77,0
DA:78,0
DA:79,0
DA:80,0
DA:81,1
DA:82,1
DA:83,0
DA:84,0
DA:85,0
DA:86,0
DA:87,0
DA:88,0
DA:89,1
DA:90,1
DA:91,0
DA:92,0
DA:93,0
DA:94,0
DA:95,0
DA:96,0
DA:97,0
DA:98,0
DA:99,0
DA:100,0
DA:101,1
DA:102,1
DA:103,1
DA:104,1
DA:105,1
DA:106,1
DA:107,1
DA:108,0
DA:109,0
DA:110,0
DA:111,0
DA:112,0
DA:113,0
DA:114,0
DA:115,0
DA:116,0
DA:117,0
DA:118,0
DA:119,0
DA:120,0
DA:121,1
DA:122,1
DA:123,1
DA:124,1
DA:125,1
DA:126,1
DA:127,0
DA:128,0
DA:129,0
DA:130,0
DA:131,0
DA:132,0
DA:133,1
DA:134,1
DA:135,1
DA:136,1
DA:137,1
DA:138,1
DA:139,1
DA:140,1
DA:141,1
DA:142,1
DA:143,1
DA:144,1
DA:145,1
DA:146,1
DA:147,0
DA:148,0
DA:149,0
DA:150,0
DA:151,0
DA:152,0
DA:153,0
DA:154,0
DA:155,0
DA:156,0
DA:157,0
DA:158,0
DA:159,1
DA:160,1
DA:161,1
DA:162,1
DA:163,1
DA:164,1
DA:165,1
DA:166,0
DA:167,0
DA:168,0
DA:169,0
DA:170,0
DA:171,0
DA:172,0
DA:173,0
DA:174,0
DA:175,0
DA:176,0
DA:177,0
DA:178,1
DA:179,1
DA:180,0
DA:181,0
DA:182,0
DA:183,0
DA:184,0
DA:185,0
DA:186,0
DA:187,0
DA:188,0
DA:189,0
DA:190,0
DA:191,0
DA:192,1
DA:193,1
DA:194,0
DA:195,0
DA:196,0
DA:197,0
DA:198,0
DA:199,0
DA:200,0
DA:201,0
DA:202,0
DA:203,0
DA:204,0
DA:205,0
DA:206,1
DA:207,1
DA:208,1
DA:209,1
DA:210,0
DA:211,0
DA:212,0
DA:213,0
DA:214,0
DA:215,1
DA:216,1
DA:217,0
DA:218,0
DA:219,0
DA:220,0
DA:221,0
DA:222,0
DA:223,0
DA:224,0
DA:225,1
DA:226,1
DA:227,0
DA:228,0
DA:229,0
DA:230,0
DA:231,0
DA:232,0
DA:233,0
DA:234,0
DA:235,0
LF:235
LH:85
BRF:0
BRH:0
end_of_record
TN:
SF:src\utils\cookie.ts
FN:1,getCookie
FN:13,setCookie
FN:45,deleteCookie
FNF:3
FNH:0
FNDA:0,getCookie
FNDA:0,setCookie
FNDA:0,deleteCookie
DA:1,0
DA:2,0
DA:3,0
DA:4,0
DA:5,0
DA:6,0
DA:7,0
DA:8,0
DA:9,0
DA:10,0
DA:11,0
DA:12,1
DA:13,0
DA:14,0
DA:15,0
DA:16,0
DA:17,0
DA:18,0
DA:19,0
DA:20,0
DA:21,0
DA:22,0
DA:23,0
DA:24,0
DA:25,0
DA:26,0
DA:27,0
DA:28,0
DA:29,0
DA:30,0
DA:31,0
DA:32,0
DA:33,0
DA:34,0
DA:35,0
DA:36,0
DA:37,0
DA:38,0
DA:39,0
DA:40,0
DA:41,0
DA:42,0
DA:43,0
DA:44,1
DA:45,0
DA:46,0
DA:47,0
LF:47
LH:2
BRF:0
BRH:0
end_of_record
